2025-09-26 16:21:55,474 - USBGuardApp - INFO - Logger setup complete.
2025-09-26 16:21:55,533 - USBGuardApp - INFO - No host key found. Generating and saving a new one at D:\Projects\device-guard\backend\host_key.pem
2025-09-26 16:21:55,538 - USBGuardApp - INFO - Ensuring database and table exist...
2025-09-26 16:21:55,539 - USBGuardApp - INFO - Database check complete.
2025-09-26 16:23:22,321 - USBGuardApp - INFO - Logger setup complete.
2025-09-26 16:23:22,355 - USBGuardApp - INFO - Loading existing host key from D:\Projects\device-guard\backend\host_key.pem
2025-09-26 16:23:22,365 - USBGuardApp - INFO - Ensuring database and table exist...
2025-09-26 16:23:22,366 - USBGuardApp - INFO - Database check complete.
2025-09-26 16:28:22,167 - USBGuardApp - INFO - Logger setup complete.
2025-09-26 16:28:22,198 - USBGuardApp - INFO - Loading existing host key from D:\Projects\device-guard\backend\host_key.pem
2025-09-26 16:28:22,200 - USBGuardApp - INFO - Ensuring database and table exist...
2025-09-26 16:28:22,201 - USBGuardApp - INFO - Database check complete.
2025-09-26 16:28:32,402 - USBGuardApp - INFO - Detected 0 storage, 6 other devices.
2025-09-26 16:28:46,768 - USBGuardApp - INFO - Reg request: {'canonical_id': 'VID_0781&PID_5591&SN_04017B04D4AD14B3EF9CA9D1916D8C7765F2A01B2F6D3758FAE82A6C1D3015F557AC00000000000000000000E1368DB4FF9E6B18915581071AB2D339', 'device_id_wmi': 'USB\\VID_0781&PID_5591\\04017B04D4AD14B3EF9CA9D1916D8C7765F2A01B2F6D3758FAE82A6C1D3015F557AC00000000000000000000E1368DB4FF9E6B18915581071AB2D339', 'drive_letter': None, 'friendly_name': 'USB Mass Storage Device', 'is_fingerprinted': False, 'is_registered': False, 'pid': '5591', 'serial_number': '04017B04D4AD14B3EF9CA9D1916D8C7765F2A01B2F6D3758FAE82A6C1D3015F557AC00000000000000000000E1368DB4FF9E6B18915581071AB2D339', 'type': 'Peripheral', 'vid': '0781'}
2025-09-26 16:28:46,779 - USBGuardApp - INFO - SUCCESS: Device 'VID_0781&PID_5591&SN_04017B04D4AD14B3EF9CA9D1916D8C7765F2A01B2F6D3758FAE82A6C1D3015F557AC00000000000000000000E1368DB4FF9E6B18915581071AB2D339' (USB Mass Storage Device) registered in whitelist.
2025-09-26 16:28:56,426 - USBGuardApp - INFO - Detected 0 storage, 6 other devices.
2025-09-26 16:37:26,657 - USBGuardApp - INFO - Detected 0 storage, 5 other devices.
2025-09-26 16:37:48,748 - USBGuardApp - INFO - Detected 0 storage, 6 other devices.
2025-09-26 16:38:39,595 - USBGuardApp - INFO - Detected 0 storage, 6 other devices.
2025-09-26 16:41:58,167 - USBGuardApp - INFO - Logger setup complete.
2025-09-26 16:41:58,199 - USBGuardApp - INFO - Loading existing host key from D:\Projects\device-guard\backend\host_key.pem
2025-09-26 16:41:58,201 - USBGuardApp - INFO - Ensuring database and table exist...
2025-09-26 16:41:58,202 - USBGuardApp - INFO - Database check complete.
2025-09-26 16:49:56,423 - USBGuardApp - INFO - Logger setup complete.
2025-09-26 16:49:56,503 - USBGuardApp - INFO - Loading existing host key from D:\Projects\device-guard\backend\host_key.pem
2025-09-26 16:49:56,510 - USBGuardApp - INFO - Ensuring database and table exist...
2025-09-26 16:49:56,512 - USBGuardApp - INFO - Database check complete.
2025-09-27 16:00:05,905 - USBGuardApp - INFO - Logger setup complete.
2025-09-27 16:00:06,282 - USBGuardApp - INFO - Loading existing host key from D:\Projects\device-guard\backend\host_key.pem
2025-09-27 16:00:06,291 - USBGuardApp - INFO - Ensuring database and table exist...
2025-09-27 16:00:06,292 - USBGuardApp - INFO - Database check complete.
2025-09-27 16:01:49,406 - USBGuardApp - INFO - Logger setup complete.
2025-09-27 16:01:49,435 - USBGuardApp - INFO - Loading existing host key from D:\Projects\device-guard\backend\host_key.pem
2025-09-27 16:01:49,438 - USBGuardApp - INFO - Ensuring database and table exist...
2025-09-27 16:01:49,439 - USBGuardApp - INFO - Database check complete.
2025-09-27 17:34:03,298 - USBGuardApp - INFO - Logger setup complete.
2025-09-27 17:34:03,641 - USBGuardApp - INFO - Loading existing host key from D:\Projects\device-guard\backend\host_key.pem
2025-09-27 17:34:03,649 - USBGuardApp - INFO - Ensuring database and table exist...
2025-09-27 17:34:03,650 - USBGuardApp - INFO - Database check complete.
2025-09-30 15:36:24,036 - USBGuardApp - INFO - Logger setup complete.
2025-09-30 15:36:25,022 - USBGuardApp - INFO - Loading existing host key from D:\Projects\device-guard\backend\host_key.pem
2025-09-30 15:36:25,041 - USBGuardApp - INFO - Ensuring database and table exist...
2025-09-30 15:36:25,042 - USBGuardApp - INFO - Database check complete.
2025-10-07 14:23:27,087 - USBGuardApp - INFO - Logger setup complete.
2025-10-07 14:23:28,106 - USBGuardApp - INFO - Loading existing host key from D:\Projects\device-guard\backend\host_key.pem
2025-10-07 14:23:28,129 - USBGuardApp - INFO - Ensuring database and table exist...
2025-10-07 14:23:28,131 - USBGuardApp - INFO - Database check complete.
2025-10-07 14:57:52,258 - USBGuardApp - INFO - Logger setup complete.
2025-10-07 14:57:52,341 - USBGuardApp - INFO - Loading existing host key from D:\Projects\device-guard\backend\host_key.pem
2025-10-07 14:57:52,348 - USBGuardApp - INFO - Ensuring database and table exist...
2025-10-07 14:57:52,349 - USBGuardApp - INFO - Database check complete.
2025-10-07 15:06:15,107 - USBGuardApp - INFO - Logger setup complete.
2025-10-07 15:06:15,186 - USBGuardApp - INFO - Loading existing host key from D:\Projects\device-guard\backend\host_key.pem
2025-10-07 15:06:15,193 - USBGuardApp - INFO - Ensuring database and table exist...
2025-10-07 15:06:15,194 - USBGuardApp - INFO - Database check complete.
2025-10-07 15:08:46,181 - USBGuardApp - INFO - Logger setup complete.
2025-10-07 15:08:46,249 - USBGuardApp - INFO - Loading existing host key from D:\Projects\device-guard\backend\host_key.pem
2025-10-07 15:08:46,251 - USBGuardApp - INFO - Ensuring database and table exist...
2025-10-07 15:08:46,252 - USBGuardApp - INFO - Database check complete.
2025-10-07 15:16:18,651 - USBGuardApp - INFO - Logger setup complete.
2025-10-07 15:16:18,721 - USBGuardApp - INFO - Loading existing host key from D:\Projects\device-guard\backend\host_key.pem
2025-10-07 15:16:18,724 - USBGuardApp - INFO - Ensuring database and table exist...
2025-10-07 15:16:18,724 - USBGuardApp - INFO - Database check complete.
2025-10-07 15:35:31,972 - USBGuardApp - INFO - Logger setup complete.
2025-10-07 15:35:32,038 - USBGuardApp - INFO - Loading existing host key from D:\Projects\device-guard\backend\host_key.pem
2025-10-07 15:35:32,041 - USBGuardApp - INFO - Ensuring database and table exist...
2025-10-07 15:35:32,041 - USBGuardApp - INFO - Database check complete.
2025-10-07 15:42:19,895 - USBGuardApp - INFO - Logger setup complete.
2025-10-07 15:42:19,962 - USBGuardApp - INFO - Loading existing host key from D:\Projects\device-guard\backend\host_key.pem
2025-10-07 15:42:19,965 - USBGuardApp - INFO - Ensuring database and table exist...
2025-10-07 15:42:19,966 - USBGuardApp - INFO - Database check complete.
2025-10-07 15:58:00,985 - USBGuardApp - INFO - Logger setup complete.
2025-10-07 15:58:01,306 - USBGuardApp - INFO - Loading existing host key from D:\Projects\device-guard\backend\host_key.pem
2025-10-07 15:58:01,314 - USBGuardApp - INFO - Ensuring database and table exist...
2025-10-07 15:58:01,315 - USBGuardApp - INFO - Database check complete.
2025-10-07 15:58:39,496 - USBGuardApp - INFO - Logger setup complete.
2025-10-07 15:58:39,523 - USBGuardApp - INFO - Loading existing host key from D:\Projects\device-guard\backend\host_key.pem
2025-10-07 15:58:39,526 - USBGuardApp - INFO - Ensuring database and table exist...
2025-10-07 15:58:39,526 - USBGuardApp - INFO - Database check complete.
2025-10-07 16:04:08,335 - USBGuardApp - INFO - Logger setup complete.
2025-10-07 16:04:08,363 - USBGuardApp - INFO - Loading existing host key from D:\Projects\device-guard\backend\host_key.pem
2025-10-07 16:04:08,366 - USBGuardApp - INFO - Ensuring database and table exist...
2025-10-07 16:04:08,367 - USBGuardApp - INFO - Database check complete.
2025-10-07 16:06:35,840 - USBGuardApp - INFO - Logger setup complete.
2025-10-07 16:06:35,868 - USBGuardApp - INFO - Loading existing host key from D:\Projects\device-guard\backend\host_key.pem
2025-10-07 16:06:35,871 - USBGuardApp - INFO - Ensuring database and table exist...
2025-10-07 16:06:35,872 - USBGuardApp - INFO - Database check complete.
2025-10-07 16:09:31,234 - USBGuardApp - INFO - Logger setup complete.
2025-10-07 16:09:31,261 - USBGuardApp - INFO - Loading existing host key from D:\Projects\device-guard\backend\host_key.pem
2025-10-07 16:09:31,264 - USBGuardApp - INFO - Ensuring database and table exist...
2025-10-07 16:09:31,265 - USBGuardApp - INFO - Database check complete.
2025-10-08 13:13:17,655 - USBGuardApp - INFO - Logger setup complete.
2025-10-08 13:13:17,988 - USBGuardApp - INFO - Loading existing host key from D:\Projects\device-guard\backend\host_key.pem
2025-10-08 13:13:17,990 - USBGuardApp - INFO - Ensuring database and table exist...
2025-10-08 13:13:17,991 - USBGuardApp - INFO - Database check complete.
2025-10-08 13:14:08,969 - USBGuardApp - INFO - Logger setup complete.
2025-10-08 13:14:08,996 - USBGuardApp - INFO - Loading existing host key from D:\Projects\device-guard\backend\host_key.pem
2025-10-08 13:14:08,999 - USBGuardApp - INFO - Ensuring database and table exist...
2025-10-08 13:14:08,999 - USBGuardApp - INFO - Database check complete.
2025-10-08 13:50:29,640 - USBGuardApp - INFO - Logger setup complete.
2025-10-08 13:50:29,717 - USBGuardApp - INFO - Loading existing host key from D:\Projects\device-guard\backend\host_key.pem
2025-10-08 13:50:29,724 - USBGuardApp - INFO - Ensuring database and table exist...
2025-10-08 13:50:29,725 - USBGuardApp - INFO - Database check complete.
2025-10-08 13:51:03,867 - USBGuardApp - INFO - Logger setup complete.
2025-10-08 13:51:03,907 - USBGuardApp - INFO - Loading existing host key from D:\Projects\device-guard\backend\host_key.pem
2025-10-08 13:51:03,911 - USBGuardApp - INFO - Ensuring database and table exist...
2025-10-08 13:51:03,911 - USBGuardApp - INFO - Database check complete.
2025-10-08 13:54:41,264 - USBGuardApp - INFO - Logger setup complete.
2025-10-08 13:54:41,345 - USBGuardApp - INFO - Loading existing host key from D:\Projects\device-guard\backend\host_key.pem
2025-10-08 13:54:41,352 - USBGuardApp - INFO - Ensuring database and table exist...
2025-10-08 13:54:41,354 - USBGuardApp - INFO - Database check complete.
2025-10-08 14:03:49,001 - USBGuardApp - INFO - Logger setup complete.
2025-10-08 14:03:49,057 - USBGuardApp - INFO - Loading existing host key from D:\Projects\device-guard\backend\host_key.pem
2025-10-08 14:03:49,063 - USBGuardApp - INFO - Ensuring database and table exist...
2025-10-08 14:03:49,064 - USBGuardApp - INFO - Database check complete.
2025-10-08 14:04:12,879 - USBGuardApp - INFO - Logger setup complete.
2025-10-08 14:04:12,937 - USBGuardApp - INFO - Loading existing host key from D:\Projects\device-guard\backend\host_key.pem
2025-10-08 14:04:12,943 - USBGuardApp - INFO - Ensuring database and table exist...
2025-10-08 14:04:12,944 - USBGuardApp - INFO - Database check complete.
2025-10-08 14:04:47,338 - USBGuardApp - INFO - Logger setup complete.
2025-10-08 14:04:47,413 - USBGuardApp - INFO - Loading existing host key from D:\Projects\device-guard\backend\host_key.pem
2025-10-08 14:04:47,420 - USBGuardApp - INFO - Ensuring database and table exist...
2025-10-08 14:04:47,421 - USBGuardApp - INFO - Database check complete.
2025-10-08 14:12:28,765 - USBGuardApp - INFO - Logger setup complete.
2025-10-08 14:12:28,844 - USBGuardApp - INFO - Loading existing host key from D:\Projects\device-guard\backend\host_key.pem
2025-10-08 14:12:28,851 - USBGuardApp - INFO - Ensuring database and table exist...
2025-10-08 14:12:28,853 - USBGuardApp - INFO - Database check complete.
2025-10-08 14:16:00,309 - USBGuardApp - INFO - Logger setup complete.
2025-10-08 14:16:00,392 - USBGuardApp - INFO - Loading existing host key from D:\Projects\device-guard\backend\host_key.pem
2025-10-08 14:16:00,399 - USBGuardApp - INFO - Ensuring database and table exist...
2025-10-08 14:16:00,401 - USBGuardApp - INFO - Database check complete.
2025-10-08 14:19:25,416 - USBGuardApp - INFO - Logger setup complete.
2025-10-08 14:19:25,492 - USBGuardApp - INFO - Loading existing host key from D:\Projects\device-guard\backend\host_key.pem
2025-10-08 14:19:25,499 - USBGuardApp - INFO - Ensuring database and table exist...
2025-10-08 14:19:25,501 - USBGuardApp - INFO - Database check complete.
2025-10-08 14:30:34,812 - USBGuardApp - INFO - Logger setup complete.
2025-10-08 14:30:34,891 - USBGuardApp - INFO - Loading existing host key from D:\Projects\device-guard\backend\host_key.pem
2025-10-08 14:30:34,899 - USBGuardApp - INFO - Ensuring database and table exist...
2025-10-08 14:30:34,900 - USBGuardApp - INFO - Database check complete.
2025-10-08 14:36:31,774 - USBGuardApp - INFO - Logger setup complete.
2025-10-08 14:36:31,857 - USBGuardApp - INFO - Loading existing host key from D:\Projects\device-guard\backend\host_key.pem
2025-10-08 14:36:31,864 - USBGuardApp - INFO - Ensuring database and table exist...
2025-10-08 14:36:31,866 - USBGuardApp - INFO - Database check complete.
2025-10-08 14:40:28,080 - USBGuardApp - INFO - Logger setup complete.
2025-10-08 14:40:28,164 - USBGuardApp - INFO - Loading existing host key from D:\Projects\device-guard\backend\host_key.pem
2025-10-08 14:40:28,171 - USBGuardApp - INFO - Ensuring database and table exist...
2025-10-08 14:40:28,173 - USBGuardApp - INFO - Database check complete.
2025-10-08 14:43:51,962 - USBGuardApp - INFO - Logger setup complete.
2025-10-08 14:43:52,043 - USBGuardApp - INFO - Loading existing host key from D:\Projects\device-guard\backend\host_key.pem
2025-10-08 14:43:52,050 - USBGuardApp - INFO - Ensuring database and table exist...
2025-10-08 14:43:52,052 - USBGuardApp - INFO - Database check complete.
2025-10-08 14:51:25,436 - USBGuardApp - INFO - Logger setup complete.
2025-10-08 14:51:25,517 - USBGuardApp - INFO - Loading existing host key from D:\Projects\device-guard\backend\host_key.pem
2025-10-08 14:51:25,524 - USBGuardApp - INFO - Ensuring database and table exist...
2025-10-08 14:51:25,525 - USBGuardApp - INFO - Database check complete.
2025-10-08 14:54:17,272 - USBGuardApp - INFO - Logger setup complete.
2025-10-08 14:54:17,355 - USBGuardApp - INFO - Loading existing host key from D:\Projects\device-guard\backend\host_key.pem
2025-10-08 14:54:17,363 - USBGuardApp - INFO - Ensuring database and table exist...
2025-10-08 14:54:17,364 - USBGuardApp - INFO - Database check complete.
2025-10-08 14:57:09,678 - USBGuardApp - INFO - Logger setup complete.
2025-10-08 14:57:09,757 - USBGuardApp - INFO - Loading existing host key from D:\Projects\device-guard\backend\host_key.pem
2025-10-08 14:57:09,765 - USBGuardApp - INFO - Ensuring database and table exist...
2025-10-08 14:57:09,766 - USBGuardApp - INFO - Database check complete.
2025-10-08 15:06:53,090 - USBGuardApp - INFO - Logger setup complete.
2025-10-08 15:06:53,160 - USBGuardApp - INFO - Loading existing host key from D:\Projects\device-guard\backend\host_key.pem
2025-10-08 15:06:53,167 - USBGuardApp - INFO - Ensuring database and table exist...
2025-10-08 15:06:53,169 - USBGuardApp - INFO - Database check complete.
2025-10-08 16:25:49,768 - USBGuardApp - INFO - Logger setup complete.
2025-10-08 16:25:49,796 - USBGuardApp - INFO - Loading existing host key from D:\Projects\device-guard\backend\host_key.pem
2025-10-08 16:25:49,800 - USBGuardApp - INFO - Ensuring database and table exist...
2025-10-08 16:25:49,800 - USBGuardApp - INFO - Database check complete.
2025-10-08 16:29:41,668 - USBGuardApp - INFO - Logger setup complete.
2025-10-08 16:29:41,736 - USBGuardApp - INFO - Loading existing host key from D:\Projects\device-guard\backend\host_key.pem
2025-10-08 16:29:41,740 - USBGuardApp - INFO - Ensuring database and table exist...
2025-10-08 16:29:41,741 - USBGuardApp - INFO - Database check complete.
2025-10-08 16:30:28,712 - USBGuardApp - INFO - Logger setup complete.
2025-10-08 16:30:28,768 - USBGuardApp - INFO - Loading existing host key from D:\Projects\device-guard\backend\host_key.pem
2025-10-08 16:30:28,772 - USBGuardApp - INFO - Ensuring database and table exist...
2025-10-08 16:30:28,773 - USBGuardApp - INFO - Database check complete.
2025-10-08 16:30:38,385 - USBGuardApp - INFO - Detector found 0 storage devices and 4 other devices.
2025-10-08 16:32:32,244 - USBGuardApp - INFO - Logger setup complete.
2025-10-08 16:32:51,941 - USBGuardApp - INFO - Logger setup complete.
2025-10-08 16:33:16,834 - USBGuardApp - INFO - Logger setup complete.
2025-10-08 16:33:16,855 - USBGuardApp - INFO - Loading existing host key from D:\Projects\device-guard\backend\host_key.pem
2025-10-08 16:33:16,858 - USBGuardApp - INFO - Ensuring database and table exist...
2025-10-08 16:33:16,858 - USBGuardApp - INFO - Database check complete.
2025-10-08 16:35:53,213 - USBGuardApp - INFO - Logger setup complete.
2025-10-08 16:35:53,237 - USBGuardApp - INFO - Loading existing host key from D:\Projects\device-guard\backend\host_key.pem
2025-10-08 16:35:53,240 - USBGuardApp - INFO - Ensuring database and table exist...
2025-10-08 16:35:53,240 - USBGuardApp - INFO - Database check complete.
2025-10-08 16:48:11,202 - USBGuardApp - INFO - Logger setup complete.
2025-10-08 16:49:41,251 - USBGuardApp - INFO - Logger setup complete.
2025-10-08 16:49:41,333 - USBGuardApp - INFO - Loading existing host key from D:\Projects\device-guard\backend\host_key.pem
2025-10-08 16:49:41,342 - USBGuardApp - INFO - SecurityAuditManager initialized WMI connection.
2025-10-08 16:49:41,352 - USBGuardApp - INFO - Ensuring database and table exist...
2025-10-08 16:49:41,355 - USBGuardApp - INFO - Database check complete.
2025-10-08 16:53:58,293 - USBGuardApp - INFO - Logger setup complete.
2025-10-08 16:53:58,336 - USBGuardApp - INFO - Loading existing host key from D:\Projects\device-guard\backend\host_key.pem
2025-10-08 16:53:58,342 - USBGuardApp - INFO - SecurityAuditManager initialized WMI connection.
2025-10-08 16:53:58,348 - USBGuardApp - INFO - Ensuring database and table exist...
2025-10-08 16:53:58,349 - USBGuardApp - INFO - Database check complete.
2025-10-09 15:08:23,349 - USBGuardApp - INFO - Logger setup complete.
2025-10-09 15:08:24,482 - USBGuardApp - INFO - Loading existing host key from D:\Projects\device-guard\backend\host_key.pem
2025-10-09 15:08:24,514 - USBGuardApp - INFO - SecurityAuditManager initialized WMI connection.
2025-10-09 15:08:24,523 - USBGuardApp - INFO - Ensuring database and table exist...
2025-10-09 15:08:24,526 - USBGuardApp - INFO - Database check complete.
2025-10-09 15:11:04,447 - USBGuardApp - INFO - Logger setup complete.
2025-10-09 15:11:04,512 - USBGuardApp - INFO - Loading existing host key from D:\Projects\device-guard\backend\host_key.pem
2025-10-09 15:11:04,517 - USBGuardApp - INFO - SecurityAuditManager initialized WMI connection.
2025-10-09 15:11:04,524 - USBGuardApp - INFO - Ensuring database and table exist...
2025-10-09 15:11:04,525 - USBGuardApp - INFO - Database check complete.
2025-10-09 15:15:27,345 - USBGuardApp - INFO - Logger setup complete.
2025-10-09 15:15:27,402 - USBGuardApp - INFO - Loading existing host key from D:\Projects\device-guard\backend\host_key.pem
2025-10-09 15:15:27,407 - USBGuardApp - INFO - SecurityAuditManager initialized WMI connection.
2025-10-09 15:15:27,414 - USBGuardApp - INFO - Ensuring database and table exist...
2025-10-09 15:15:27,415 - USBGuardApp - INFO - Database check complete.
2025-10-09 15:24:19,938 - USBGuardApp - INFO - Logger setup complete.
2025-10-09 15:24:19,990 - USBGuardApp - INFO - Loading existing host key from D:\Projects\device-guard\backend\host_key.pem
2025-10-09 15:24:19,995 - USBGuardApp - INFO - SecurityAuditManager initialized WMI connection.
2025-10-09 15:24:20,000 - USBGuardApp - INFO - Ensuring database and table exist...
2025-10-09 15:24:20,001 - USBGuardApp - INFO - Database check complete.
2025-10-09 15:41:43,836 - USBGuardApp - INFO - Logger setup complete.
2025-10-09 15:41:43,945 - USBGuardApp - INFO - Loading existing host key from D:\Projects\device-guard\backend\host_key.pem
2025-10-09 15:41:43,955 - USBGuardApp - INFO - SecurityAuditManager initialized WMI connection.
2025-10-09 15:41:43,966 - USBGuardApp - INFO - Ensuring database and table exist...
2025-10-09 15:41:43,967 - USBGuardApp - INFO - Database check complete.
2025-10-09 15:51:43,184 - USBGuardApp - INFO - Logger setup complete.
2025-10-09 15:51:43,218 - USBGuardApp - INFO - Loading existing host key from D:\Projects\device-guard\backend\host_key.pem
2025-10-09 15:51:43,222 - USBGuardApp - INFO - SecurityAuditManager initialized WMI connection.
2025-10-09 15:51:43,225 - USBGuardApp - INFO - Ensuring database and table exist...
2025-10-09 15:51:43,226 - USBGuardApp - INFO - Database check complete.
2025-10-09 15:54:32,876 - USBGuardApp - INFO - Logger setup complete.
2025-10-09 15:54:32,910 - USBGuardApp - INFO - Loading existing host key from D:\Projects\device-guard\backend\host_key.pem
2025-10-09 15:54:32,913 - USBGuardApp - INFO - SecurityAuditManager initialized WMI connection.
2025-10-09 15:54:32,917 - USBGuardApp - INFO - Ensuring database and table exist...
2025-10-09 15:54:32,917 - USBGuardApp - INFO - Database check complete.
2025-10-09 15:57:06,084 - USBGuardApp - INFO - Logger setup complete.
2025-10-09 15:57:06,117 - USBGuardApp - INFO - Loading existing host key from D:\Projects\device-guard\backend\host_key.pem
2025-10-09 15:57:06,120 - USBGuardApp - INFO - SecurityAuditManager initialized WMI connection.
2025-10-09 15:57:06,123 - USBGuardApp - INFO - Ensuring database and table exist...
2025-10-09 15:57:06,124 - USBGuardApp - INFO - Database check complete.
2025-10-09 16:01:52,600 - USBGuardApp - INFO - Logger setup complete.
2025-10-09 16:01:52,638 - USBGuardApp - INFO - Loading existing host key from D:\Projects\device-guard\backend\host_key.pem
2025-10-09 16:01:52,642 - USBGuardApp - INFO - SecurityAuditManager initialized WMI connection.
2025-10-09 16:01:52,646 - USBGuardApp - INFO - Ensuring database and table exist...
2025-10-09 16:01:52,647 - USBGuardApp - INFO - Database check complete.
2025-10-09 16:04:37,146 - USBGuardApp - INFO - Logger setup complete.
2025-10-09 16:04:37,178 - USBGuardApp - INFO - Loading existing host key from D:\Projects\device-guard\backend\host_key.pem
2025-10-09 16:04:37,181 - USBGuardApp - INFO - SecurityAuditManager initialized WMI connection.
2025-10-09 16:04:37,185 - USBGuardApp - INFO - Ensuring database and table exist...
2025-10-09 16:04:37,185 - USBGuardApp - INFO - Database check complete.
2025-10-09 16:04:47,478 - USBGuardApp - INFO - Detector found 0 storage devices and 5 other devices.
2025-10-09 16:05:09,365 - USBGuardApp - INFO - SUCCESS: Device 'VID_0B95&PID_1790&SN_00BEAF5E' (ASIX USB to Gigabit Ethernet Family Adapter #2) registered in whitelist.
2025-10-09 16:05:18,629 - USBGuardApp - INFO - Detector found 0 storage devices and 5 other devices.
2026-01-09 18:06:14,531 - USBGuardApp - INFO - Logger setup complete.
2026-01-09 18:06:14,905 - USBGuardApp - INFO - Loading existing host key from D:\Projects\device-guard\backend\host_key.pem
2026-01-09 18:06:14,910 - USBGuardApp - INFO - SecurityAuditManager initialized WMI connection.
2026-01-09 18:06:14,915 - USBGuardApp - INFO - Ensuring database and table exist...
2026-01-09 18:06:14,915 - USBGuardApp - INFO - Database check complete.
2026-01-09 18:06:28,936 - USBGuardApp - INFO - Detector found 0 storage devices and 5 other devices.
2026-01-09 18:06:53,273 - USBGuardApp - INFO - Detector found 0 storage devices and 4 other devices.
2026-01-09 18:07:04,076 - USBGuardApp - INFO - Detector found 0 storage devices and 4 other devices.
2026-01-09 18:07:15,167 - USBGuardApp - INFO - Detector found 0 storage devices and 5 other devices.
2026-01-09 18:07:27,200 - USBGuardApp - INFO - Detector found 0 storage devices and 5 other devices.
2026-01-09 18:09:30,017 - USBGuardApp - INFO - Logger setup complete.
2026-01-09 18:09:30,061 - USBGuardApp - INFO - Loading existing host key from D:\Projects\device-guard\backend\host_key.pem
2026-01-09 18:09:30,065 - USBGuardApp - INFO - SecurityAuditManager initialized WMI connection.
2026-01-09 18:09:30,068 - USBGuardApp - INFO - Ensuring database and table exist...
2026-01-09 18:09:30,069 - USBGuardApp - INFO - Database check complete.
2026-01-09 18:09:42,689 - USBGuardApp - INFO - Detector found 0 storage devices and 5 other devices.
2026-01-09 18:13:35,247 - USBGuardApp - INFO - Logger setup complete.
2026-01-09 18:13:35,293 - USBGuardApp - INFO - Loading existing host key from D:\Projects\device-guard\backend\host_key.pem
2026-01-09 18:13:35,297 - USBGuardApp - INFO - SecurityAuditManager initialized WMI connection.
2026-01-09 18:13:35,300 - USBGuardApp - INFO - Ensuring database and table exist...
2026-01-09 18:13:35,301 - USBGuardApp - INFO - Database check complete.
2026-01-09 18:13:48,777 - USBGuardApp - INFO - Detector found 1 storage devices and 5 other devices.
2026-01-09 18:13:57,097 - USBGuardApp - INFO - Generating fingerprint from source: Model: USB  SanDisk 3.2Gen1 USB Device-Size:30778997760-Signature:-1155487144
2026-01-09 18:13:57,098 - USBGuardApp - INFO - Calculated stable fingerprint: 2024d2c29f7e546f...
2026-01-09 18:13:57,166 - USBGuardApp - INFO - Successfully created lockfile. Signature: 3045022062ede386...
2026-01-09 18:13:57,172 - USBGuardApp - INFO - SUCCESS: Device 'VID_USB&PID_SANDISK3.2GEN1&SN_04017B04D4AD14B3EF9CA9D1916D8C7765F2A01B2F6D3758FAE82A6C1D3015F' ( USB  SanDisk 3.2Gen1 USB Device) registered in whitelist.
2026-01-09 18:14:08,731 - USBGuardApp - INFO - Detector found 1 storage devices and 5 other devices.
2026-01-09 18:14:28,367 - USBGuardApp - INFO - SUCCESS: Device 'VID_0781&PID_5591&SN_04017B04D4AD14B3EF9CA9D1916D8C7765F2A01B2F6D3758FAE82A6C1D3015F557AC00000000000000000000E1368DB4FF9E6B18915581071AB2D339' removed from whitelist.
2026-01-09 18:14:31,206 - USBGuardApp - INFO - SUCCESS: Device 'VID_0B95&PID_1790&SN_00BEAF5E' removed from whitelist.
2026-01-09 18:14:39,903 - USBGuardApp - INFO - Detector found 1 storage devices and 5 other devices.
2026-01-09 18:14:47,250 - USBGuardApp - INFO - Performing full verification on drive F:.
2026-01-09 18:14:47,459 - USBGuardApp - INFO - Generating fingerprint from source: Model: USB  SanDisk 3.2Gen1 USB Device-Size:30778997760-Signature:-1155487144
2026-01-09 18:14:47,459 - USBGuardApp - INFO - Calculated stable fingerprint: 2024d2c29f7e546f...
2026-01-09 18:14:47,460 - USBGuardApp - INFO - Structural fingerprint for F: is VALID.
2026-01-09 18:14:47,469 - USBGuardApp - INFO - Lockfile signature for F: is VALID.
2026-01-09 18:14:51,029 - USBGuardApp - INFO - Detector found 1 storage devices and 5 other devices.
2026-01-09 18:16:14,824 - USBGuardApp - INFO - Logger setup complete.
2026-01-09 18:16:18,574 - USBGuardApp - INFO - Detector found 1 storage devices and 5 other devices.
2026-01-09 18:16:53,712 - USBGuardApp - INFO - Logger setup complete.
2026-01-09 18:16:53,759 - USBGuardApp - INFO - Loading existing host key from D:\Projects\device-guard\backend\host_key.pem
2026-01-09 18:16:53,763 - USBGuardApp - INFO - SecurityAuditManager initialized WMI connection.
2026-01-09 18:16:53,766 - USBGuardApp - INFO - Ensuring database and table exist...
2026-01-09 18:16:53,767 - USBGuardApp - INFO - Database check complete.
2026-01-09 18:17:06,647 - USBGuardApp - INFO - Detector found 1 storage devices and 5 other devices.
2026-01-09 18:18:05,085 - USBGuardApp - INFO - Logger setup complete.
2026-01-09 18:18:08,862 - USBGuardApp - INFO - Detector found 1 storage devices and 5 other devices.
2026-01-09 18:18:35,729 - USBGuardApp - INFO - Logger setup complete.
2026-01-09 18:18:39,597 - USBGuardApp - INFO - Detector found 1 storage devices and 5 other devices.
2026-01-09 18:19:34,846 - USBGuardApp - INFO - Logger setup complete.
2026-01-09 18:19:38,635 - USBGuardApp - INFO - Detector found 1 storage devices and 5 other devices.
2026-01-09 18:20:05,671 - USBGuardApp - INFO - Logger setup complete.
2026-01-09 18:20:08,931 - USBGuardApp - INFO - Processing USBSTOR device: USBSTOR\DISK&VEN__USB&PROD__SANDISK_3.2GEN1&REV_1.00\04017B04D4AD14B3EF9CA9D1916D8C7765F2A01B2F6D3758FAE82A6C1D3015F
2026-01-09 18:20:09,275 - USBGuardApp - INFO - Detector found 1 storage devices and 5 other devices.
2026-01-09 18:20:25,842 - USBGuardApp - INFO - Logger setup complete.
2026-01-09 18:20:29,141 - USBGuardApp - INFO - Processing USBSTOR device: USBSTOR\DISK&VEN__USB&PROD__SANDISK_3.2GEN1&REV_1.00\04017B04D4AD14B3EF9CA9D1916D8C7765F2A01B2F6D3758FAE82A6C1D3015F
2026-01-09 18:20:29,141 - USBGuardApp - INFO - USBSTOR VEN_PROD field: DISK&VEN__USB&PROD__SANDISK_3.2GEN1&REV_1.00
2026-01-09 18:20:29,141 - USBGuardApp - INFO - USBSTOR VEN_PART: _USB
2026-01-09 18:20:29,142 - USBGuardApp - INFO - USBSTOR PROD_PART: _SANDISK_3.2GEN1
2026-01-09 18:20:29,142 - USBGuardApp - INFO - USBSTOR extracted VID: USB, PID: SANDISK3.2GEN1
2026-01-09 18:20:29,481 - USBGuardApp - INFO - Detector found 1 storage devices and 5 other devices.
2026-01-09 18:20:49,700 - USBGuardApp - INFO - Logger setup complete.
2026-01-09 18:20:52,942 - USBGuardApp - INFO - Processing USBSTOR device: USBSTOR\DISK&VEN__USB&PROD__SANDISK_3.2GEN1&REV_1.00\04017B04D4AD14B3EF9CA9D1916D8C7765F2A01B2F6D3758FAE82A6C1D3015F
2026-01-09 18:20:52,943 - USBGuardApp - INFO - USBSTOR VEN_PROD field: DISK&VEN__USB&PROD__SANDISK_3.2GEN1&REV_1.00
2026-01-09 18:20:52,943 - USBGuardApp - INFO - USBSTOR VEN_PART: _USB
2026-01-09 18:20:52,943 - USBGuardApp - INFO - USBSTOR Using SanDisk VID: 0781
2026-01-09 18:20:52,944 - USBGuardApp - INFO - USBSTOR PROD_PART: _SANDISK_3.2GEN1
2026-01-09 18:20:52,944 - USBGuardApp - INFO - USBSTOR Using SanDisk PID: 5591
2026-01-09 18:20:52,944 - USBGuardApp - INFO - USBSTOR extracted VID: 0781, PID: 5591
2026-01-09 18:20:53,291 - USBGuardApp - INFO - Detector found 1 storage devices and 5 other devices.
2026-01-09 18:21:45,926 - USBGuardApp - INFO - Logger setup complete.
2026-01-09 18:21:45,974 - USBGuardApp - INFO - Loading existing host key from D:\Projects\device-guard\backend\host_key.pem
2026-01-09 18:21:45,978 - USBGuardApp - INFO - SecurityAuditManager initialized WMI connection.
2026-01-09 18:21:45,981 - USBGuardApp - INFO - Ensuring database and table exist...
2026-01-09 18:21:45,982 - USBGuardApp - INFO - Database check complete.
2026-01-09 18:21:59,478 - USBGuardApp - INFO - Detector found 1 storage devices and 5 other devices.
2026-01-09 18:22:11,595 - USBGuardApp - INFO - Generating fingerprint from source: Model: USB  SanDisk 3.2Gen1 USB Device-Size:30778997760-Signature:-1155487144
2026-01-09 18:22:11,596 - USBGuardApp - INFO - Calculated stable fingerprint: 2024d2c29f7e546f...
2026-01-09 18:22:11,611 - USBGuardApp - INFO - Successfully created lockfile. Signature: 30450220166c9dfb...
2026-01-09 18:22:11,622 - USBGuardApp - INFO - SUCCESS: Device 'VID_0781&PID_5591&SN_04017B04D4AD14B3EF9CA9D1916D8C7765F2A01B2F6D3758FAE82A6C1D3015F' ( USB  SanDisk 3.2Gen1 USB Device) registered in whitelist.
2026-01-09 18:22:22,933 - USBGuardApp - INFO - Detector found 1 storage devices and 5 other devices.
2026-01-09 18:22:25,929 - USBGuardApp - INFO - SUCCESS: Device 'VID_USB&PID_SANDISK3.2GEN1&SN_04017B04D4AD14B3EF9CA9D1916D8C7765F2A01B2F6D3758FAE82A6C1D3015F' removed from whitelist.
2026-01-09 18:22:37,219 - USBGuardApp - INFO - Detector found 1 storage devices and 5 other devices.
2026-01-09 18:22:53,082 - USBGuardApp - INFO - Performing full verification on drive F:.
2026-01-09 18:22:53,271 - USBGuardApp - INFO - Generating fingerprint from source: Model: USB  SanDisk 3.2Gen1 USB Device-Size:30778997760-Signature:-1155487144
2026-01-09 18:22:53,271 - USBGuardApp - INFO - Calculated stable fingerprint: 2024d2c29f7e546f...
2026-01-09 18:22:53,272 - USBGuardApp - INFO - Structural fingerprint for F: is VALID.
2026-01-09 18:22:53,284 - USBGuardApp - INFO - Lockfile signature for F: is VALID.
2026-01-09 18:24:59,831 - USBGuardApp - INFO - Logger setup complete.
2026-01-09 18:24:59,876 - USBGuardApp - INFO - Loading existing host key from D:\Projects\device-guard\backend\host_key.pem
2026-01-09 18:24:59,880 - USBGuardApp - INFO - SecurityAuditManager initialized WMI connection.
2026-01-09 18:24:59,883 - USBGuardApp - INFO - Ensuring database and table exist...
2026-01-09 18:24:59,884 - USBGuardApp - INFO - Database check complete.
2026-01-09 18:25:08,188 - USBGuardApp - INFO - SUCCESS: Device 'VID_0781&PID_5591&SN_04017B04D4AD14B3EF9CA9D1916D8C7765F2A01B2F6D3758FAE82A6C1D3015F' removed from whitelist.
2026-01-09 18:25:13,286 - USBGuardApp - INFO - Detector found 1 storage devices and 5 other devices.
2026-01-09 18:25:22,475 - USBGuardApp - INFO - Generating fingerprint from source: Model: USB  SanDisk 3.2Gen1 USB Device-Size:30778997760-Signature:-1155487144
2026-01-09 18:25:22,475 - USBGuardApp - INFO - Calculated stable fingerprint: 2024d2c29f7e546f...
2026-01-09 18:25:22,490 - USBGuardApp - INFO - Successfully created lockfile. Signature: 3045022100e315d4...
2026-01-09 18:25:22,495 - USBGuardApp - INFO - SUCCESS: Device 'VID_0781&PID_5591&SN_04017B04D4AD14B3EF9CA9D1916D8C7765F2A01B2F6D3758FAE82A6C1D3015F' ( USB  SanDisk 3.2Gen1 USB Device) registered in whitelist.
2026-01-09 18:25:24,929 - USBGuardApp - INFO - Detector found 1 storage devices and 5 other devices.
2026-01-09 18:30:15,126 - USBGuardApp - INFO - Logger setup complete.
2026-01-09 18:30:15,232 - USBGuardApp - INFO - Loading existing host key from D:\Projects\device-guard\backend\host_key.pem
2026-01-09 18:30:15,241 - USBGuardApp - INFO - SecurityAuditManager initialized WMI connection.
2026-01-09 18:30:15,251 - USBGuardApp - INFO - Ensuring database and table exist...
2026-01-09 18:30:15,252 - USBGuardApp - INFO - Database check complete.
2026-01-09 18:30:35,552 - USBGuardApp - INFO - Detector found 1 storage devices and 5 other devices.
2026-01-09 18:31:17,937 - USBGuardApp - INFO - Performing full verification on drive F:.
2026-01-09 18:31:18,771 - USBGuardApp - INFO - Generating fingerprint from source: Model: USB  SanDisk 3.2Gen1 USB Device-Size:30778997760-Signature:-1155487144
2026-01-09 18:31:18,772 - USBGuardApp - INFO - Calculated stable fingerprint: 2024d2c29f7e546f...
2026-01-09 18:31:18,773 - USBGuardApp - INFO - Structural fingerprint for F: is VALID.
2026-01-09 18:31:18,812 - USBGuardApp - INFO - Lockfile signature for F: is VALID.
2026-01-09 18:33:39,797 - USBGuardApp - INFO - Logger setup complete.
2026-01-09 18:33:39,924 - USBGuardApp - INFO - Loading existing host key from D:\Projects\device-guard\backend\host_key.pem
2026-01-09 18:33:39,933 - USBGuardApp - INFO - SecurityAuditManager initialized WMI connection.
2026-01-09 18:33:39,948 - USBGuardApp - INFO - Ensuring database and table exist...
2026-01-09 18:33:39,950 - USBGuardApp - INFO - Database check complete.
2026-01-09 18:43:14,609 - USBGuardApp - INFO - Logger setup complete.
2026-01-09 18:43:14,690 - USBGuardApp - INFO - Loading existing host key from D:\Projects\device-guard\backend\host_key.pem
2026-01-09 18:43:14,699 - USBGuardApp - INFO - SecurityAuditManager initialized WMI connection.
2026-01-09 18:43:14,712 - USBGuardApp - INFO - Ensuring database and table exist...
2026-01-09 18:43:14,713 - USBGuardApp - INFO - Database check complete.
2026-01-09 18:43:19,059 - USBGuardApp - INFO - Querying for the last 50 login events (ID 4624, 4625).
2026-01-09 18:43:19,089 - USBGuardApp - ERROR - A WMI error occurred while querying login events: <x_wmi: Unexpected COM Error (-2147352567, 'Exception occurred.', (0, 'SWbemServicesEx', 'The application called an interface that was marshalled for a different thread. ', None, 0, -2147417842), None)>
2026-01-09 18:43:35,621 - USBGuardApp - INFO - Detector found 1 storage devices and 5 other devices.
2026-01-09 18:44:15,912 - USBGuardApp - INFO - Querying for the last 50 login events (ID 4624, 4625).
2026-01-09 18:44:15,914 - USBGuardApp - ERROR - A WMI error occurred while querying login events: <x_wmi: Unexpected COM Error (-2147352567, 'Exception occurred.', (0, 'SWbemServicesEx', 'The application called an interface that was marshalled for a different thread. ', None, 0, -2147417842), None)>
